{"/Users/josequemba/cse341-team10/controllers/index.js": {"path":"/Users/josequemba/cse341-team10/controllers/index.js","statementMap":{"0":{"start":{"line":1,"column":16},"end":{"line":1,"column":43}},"1":{"start":{"line":2,"column":17},"end":{"line":2,"column":44}},"2":{"start":{"line":4,"column":15},"end":{"line":14,"column":1}},"3":{"start":{"line":5,"column":19},"end":{"line":5,"column":86}},"4":{"start":{"line":6,"column":4},"end":{"line":13,"column":5}},"5":{"start":{"line":7,"column":8},"end":{"line":10,"column":11}},"6":{"start":{"line":8,"column":12},"end":{"line":8,"column":62}},"7":{"start":{"line":9,"column":12},"end":{"line":9,"column":40}},"8":{"start":{"line":12,"column":8},"end":{"line":12,"column":53}},"9":{"start":{"line":16,"column":18},"end":{"line":31,"column":1}},"10":{"start":{"line":17,"column":4},"end":{"line":19,"column":5}},"11":{"start":{"line":18,"column":8},"end":{"line":18,"column":56}},"12":{"start":{"line":20,"column":15},"end":{"line":20,"column":42}},"13":{"start":{"line":21,"column":19},"end":{"line":21,"column":97}},"14":{"start":{"line":23,"column":4},"end":{"line":30,"column":5}},"15":{"start":{"line":24,"column":8},"end":{"line":27,"column":11}},"16":{"start":{"line":25,"column":12},"end":{"line":25,"column":62}},"17":{"start":{"line":26,"column":12},"end":{"line":26,"column":43}},"18":{"start":{"line":29,"column":8},"end":{"line":29,"column":49}},"19":{"start":{"line":33,"column":15},"end":{"line":40,"column":1}},"20":{"start":{"line":34,"column":19},"end":{"line":34,"column":107}},"21":{"start":{"line":35,"column":4},"end":{"line":39,"column":5}},"22":{"start":{"line":36,"column":8},"end":{"line":36,"column":31}},"23":{"start":{"line":38,"column":8},"end":{"line":38,"column":108}},"24":{"start":{"line":42,"column":15},"end":{"line":53,"column":1}},"25":{"start":{"line":43,"column":4},"end":{"line":45,"column":5}},"26":{"start":{"line":44,"column":8},"end":{"line":44,"column":59}},"27":{"start":{"line":46,"column":15},"end":{"line":46,"column":42}},"28":{"start":{"line":47,"column":19},"end":{"line":47,"column":121}},"29":{"start":{"line":48,"column":4},"end":{"line":52,"column":5}},"30":{"start":{"line":49,"column":8},"end":{"line":49,"column":31}},"31":{"start":{"line":51,"column":8},"end":{"line":51,"column":108}},"32":{"start":{"line":55,"column":19},"end":{"line":66,"column":1}},"33":{"start":{"line":56,"column":4},"end":{"line":58,"column":5}},"34":{"start":{"line":57,"column":8},"end":{"line":57,"column":59}},"35":{"start":{"line":59,"column":15},"end":{"line":59,"column":42}},"36":{"start":{"line":60,"column":19},"end":{"line":60,"column":102}},"37":{"start":{"line":61,"column":4},"end":{"line":65,"column":5}},"38":{"start":{"line":62,"column":8},"end":{"line":62,"column":31}},"39":{"start":{"line":64,"column":8},"end":{"line":64,"column":101}},"40":{"start":{"line":68,"column":0},"end":{"line":74,"column":1}}},"fnMap":{"0":{"name":"(anonymous_0)","decl":{"start":{"line":4,"column":15},"end":{"line":4,"column":16}},"loc":{"start":{"line":4,"column":47},"end":{"line":14,"column":1}},"line":4},"1":{"name":"(anonymous_1)","decl":{"start":{"line":7,"column":30},"end":{"line":7,"column":31}},"loc":{"start":{"line":7,"column":41},"end":{"line":10,"column":9}},"line":7},"2":{"name":"(anonymous_2)","decl":{"start":{"line":16,"column":18},"end":{"line":16,"column":19}},"loc":{"start":{"line":16,"column":50},"end":{"line":31,"column":1}},"line":16},"3":{"name":"(anonymous_3)","decl":{"start":{"line":24,"column":30},"end":{"line":24,"column":31}},"loc":{"start":{"line":24,"column":41},"end":{"line":27,"column":9}},"line":24},"4":{"name":"(anonymous_4)","decl":{"start":{"line":33,"column":15},"end":{"line":33,"column":16}},"loc":{"start":{"line":33,"column":47},"end":{"line":40,"column":1}},"line":33},"5":{"name":"(anonymous_5)","decl":{"start":{"line":42,"column":15},"end":{"line":42,"column":16}},"loc":{"start":{"line":42,"column":47},"end":{"line":53,"column":1}},"line":42},"6":{"name":"(anonymous_6)","decl":{"start":{"line":55,"column":19},"end":{"line":55,"column":20}},"loc":{"start":{"line":55,"column":51},"end":{"line":66,"column":1}},"line":55}},"branchMap":{"0":{"loc":{"start":{"line":17,"column":4},"end":{"line":19,"column":5}},"type":"if","locations":[{"start":{"line":17,"column":4},"end":{"line":19,"column":5}},{"start":{},"end":{}}],"line":17},"1":{"loc":{"start":{"line":35,"column":4},"end":{"line":39,"column":5}},"type":"if","locations":[{"start":{"line":35,"column":4},"end":{"line":39,"column":5}},{"start":{"line":37,"column":11},"end":{"line":39,"column":5}}],"line":35},"2":{"loc":{"start":{"line":38,"column":29},"end":{"line":38,"column":106}},"type":"binary-expr","locations":[{"start":{"line":38,"column":29},"end":{"line":38,"column":41}},{"start":{"line":38,"column":45},"end":{"line":38,"column":106}}],"line":38},"3":{"loc":{"start":{"line":43,"column":4},"end":{"line":45,"column":5}},"type":"if","locations":[{"start":{"line":43,"column":4},"end":{"line":45,"column":5}},{"start":{},"end":{}}],"line":43},"4":{"loc":{"start":{"line":48,"column":4},"end":{"line":52,"column":5}},"type":"if","locations":[{"start":{"line":48,"column":4},"end":{"line":52,"column":5}},{"start":{"line":50,"column":11},"end":{"line":52,"column":5}}],"line":48},"5":{"loc":{"start":{"line":51,"column":29},"end":{"line":51,"column":106}},"type":"binary-expr","locations":[{"start":{"line":51,"column":29},"end":{"line":51,"column":41}},{"start":{"line":51,"column":45},"end":{"line":51,"column":106}}],"line":51},"6":{"loc":{"start":{"line":56,"column":4},"end":{"line":58,"column":5}},"type":"if","locations":[{"start":{"line":56,"column":4},"end":{"line":58,"column":5}},{"start":{},"end":{}}],"line":56},"7":{"loc":{"start":{"line":61,"column":4},"end":{"line":65,"column":5}},"type":"if","locations":[{"start":{"line":61,"column":4},"end":{"line":65,"column":5}},{"start":{"line":63,"column":11},"end":{"line":65,"column":5}}],"line":61}},"s":{"0":1,"1":1,"2":1,"3":2,"4":2,"5":2,"6":2,"7":2,"8":0,"9":1,"10":3,"11":2,"12":1,"13":1,"14":1,"15":1,"16":1,"17":1,"18":0,"19":1,"20":0,"21":0,"22":0,"23":0,"24":1,"25":0,"26":0,"27":0,"28":0,"29":0,"30":0,"31":0,"32":1,"33":0,"34":0,"35":0,"36":0,"37":0,"38":0,"39":0,"40":1},"f":{"0":2,"1":2,"2":3,"3":1,"4":0,"5":0,"6":0},"b":{"0":[2,1],"1":[0,0],"2":[0,0],"3":[0,0],"4":[0,0],"5":[0,0],"6":[0,0],"7":[0,0]},"_coverageSchema":"1a1c01bbd47fc00a2c39e90264f33305004495a9","hash":"c1674f9bcdcea07c21c021ec56e76e7ad61e425e"}
,"/Users/josequemba/cse341-team10/data/database.js": {"path":"/Users/josequemba/cse341-team10/data/database.js","statementMap":{"0":{"start":{"line":1,"column":15},"end":{"line":1,"column":32}},"1":{"start":{"line":2,"column":0},"end":{"line":2,"column":16}},"2":{"start":{"line":4,"column":20},"end":{"line":4,"column":50}},"3":{"start":{"line":8,"column":15},"end":{"line":21,"column":1}},"4":{"start":{"line":9,"column":4},"end":{"line":12,"column":5}},"5":{"start":{"line":10,"column":8},"end":{"line":10,"column":48}},"6":{"start":{"line":11,"column":8},"end":{"line":11,"column":40}},"7":{"start":{"line":13,"column":4},"end":{"line":20,"column":11}},"8":{"start":{"line":15,"column":12},"end":{"line":15,"column":30}},"9":{"start":{"line":16,"column":12},"end":{"line":16,"column":37}},"10":{"start":{"line":19,"column":12},"end":{"line":19,"column":26}},"11":{"start":{"line":23,"column":20},"end":{"line":28,"column":1}},"12":{"start":{"line":24,"column":4},"end":{"line":26,"column":5}},"13":{"start":{"line":25,"column":8},"end":{"line":25,"column":47}},"14":{"start":{"line":27,"column":4},"end":{"line":27,"column":20}},"15":{"start":{"line":30,"column":0},"end":{"line":33,"column":2}}},"fnMap":{"0":{"name":"(anonymous_0)","decl":{"start":{"line":8,"column":15},"end":{"line":8,"column":16}},"loc":{"start":{"line":8,"column":29},"end":{"line":21,"column":1}},"line":8},"1":{"name":"(anonymous_1)","decl":{"start":{"line":14,"column":14},"end":{"line":14,"column":15}},"loc":{"start":{"line":14,"column":26},"end":{"line":17,"column":9}},"line":14},"2":{"name":"(anonymous_2)","decl":{"start":{"line":18,"column":15},"end":{"line":18,"column":16}},"loc":{"start":{"line":18,"column":24},"end":{"line":20,"column":9}},"line":18},"3":{"name":"(anonymous_3)","decl":{"start":{"line":23,"column":20},"end":{"line":23,"column":21}},"loc":{"start":{"line":23,"column":26},"end":{"line":28,"column":1}},"line":23}},"branchMap":{"0":{"loc":{"start":{"line":9,"column":4},"end":{"line":12,"column":5}},"type":"if","locations":[{"start":{"line":9,"column":4},"end":{"line":12,"column":5}},{"start":{},"end":{}}],"line":9},"1":{"loc":{"start":{"line":24,"column":4},"end":{"line":26,"column":5}},"type":"if","locations":[{"start":{"line":24,"column":4},"end":{"line":26,"column":5}},{"start":{},"end":{}}],"line":24}},"s":{"0":1,"1":1,"2":1,"3":1,"4":0,"5":0,"6":0,"7":0,"8":0,"9":0,"10":0,"11":1,"12":0,"13":0,"14":0,"15":1},"f":{"0":0,"1":0,"2":0,"3":0},"b":{"0":[0,0],"1":[0,0]},"_coverageSchema":"1a1c01bbd47fc00a2c39e90264f33305004495a9","hash":"355ca77ddc6470427679b47377177f760a7c4dc4"}
,"/Users/josequemba/cse341-team10/helpers/collections.js": {"path":"/Users/josequemba/cse341-team10/helpers/collections.js","statementMap":{"0":{"start":{"line":1,"column":20},"end":{"line":13,"column":1}},"1":{"start":{"line":3,"column":4},"end":{"line":3,"column":52}},"2":{"start":{"line":4,"column":4},"end":{"line":12,"column":5}},"3":{"start":{"line":15,"column":18},"end":{"line":30,"column":1}},"4":{"start":{"line":17,"column":4},"end":{"line":17,"column":52}},"5":{"start":{"line":18,"column":4},"end":{"line":29,"column":5}},"6":{"start":{"line":32,"column":19},"end":{"line":43,"column":1}},"7":{"start":{"line":34,"column":4},"end":{"line":34,"column":52}},"8":{"start":{"line":35,"column":4},"end":{"line":42,"column":5}},"9":{"start":{"line":45,"column":18},"end":{"line":56,"column":1}},"10":{"start":{"line":47,"column":4},"end":{"line":47,"column":52}},"11":{"start":{"line":48,"column":4},"end":{"line":55,"column":5}},"12":{"start":{"line":58,"column":17},"end":{"line":70,"column":1}},"13":{"start":{"line":60,"column":4},"end":{"line":60,"column":52}},"14":{"start":{"line":61,"column":4},"end":{"line":69,"column":5}},"15":{"start":{"line":74,"column":24},"end":{"line":83,"column":1}},"16":{"start":{"line":76,"column":4},"end":{"line":76,"column":52}},"17":{"start":{"line":77,"column":4},"end":{"line":82,"column":5}},"18":{"start":{"line":85,"column":0},"end":{"line":91,"column":1}}},"fnMap":{"0":{"name":"(anonymous_0)","decl":{"start":{"line":1,"column":20},"end":{"line":1,"column":21}},"loc":{"start":{"line":1,"column":45},"end":{"line":13,"column":1}},"line":1},"1":{"name":"(anonymous_1)","decl":{"start":{"line":15,"column":18},"end":{"line":15,"column":19}},"loc":{"start":{"line":15,"column":43},"end":{"line":30,"column":1}},"line":15},"2":{"name":"(anonymous_2)","decl":{"start":{"line":32,"column":19},"end":{"line":32,"column":20}},"loc":{"start":{"line":32,"column":44},"end":{"line":43,"column":1}},"line":32},"3":{"name":"(anonymous_3)","decl":{"start":{"line":45,"column":18},"end":{"line":45,"column":19}},"loc":{"start":{"line":45,"column":43},"end":{"line":56,"column":1}},"line":45},"4":{"name":"(anonymous_4)","decl":{"start":{"line":58,"column":17},"end":{"line":58,"column":18}},"loc":{"start":{"line":58,"column":42},"end":{"line":70,"column":1}},"line":58},"5":{"name":"(anonymous_5)","decl":{"start":{"line":74,"column":24},"end":{"line":74,"column":25}},"loc":{"start":{"line":74,"column":49},"end":{"line":83,"column":1}},"line":74}},"branchMap":{"0":{"loc":{"start":{"line":1,"column":26},"end":{"line":1,"column":40}},"type":"default-arg","locations":[{"start":{"line":1,"column":36},"end":{"line":1,"column":40}}],"line":1},"1":{"loc":{"start":{"line":3,"column":4},"end":{"line":3,"column":51}},"type":"cond-expr","locations":[{"start":{"line":3,"column":23},"end":{"line":3,"column":38}},{"start":{"line":3,"column":41},"end":{"line":3,"column":51}}],"line":3},"2":{"loc":{"start":{"line":15,"column":24},"end":{"line":15,"column":38}},"type":"default-arg","locations":[{"start":{"line":15,"column":34},"end":{"line":15,"column":38}}],"line":15},"3":{"loc":{"start":{"line":17,"column":4},"end":{"line":17,"column":51}},"type":"cond-expr","locations":[{"start":{"line":17,"column":23},"end":{"line":17,"column":38}},{"start":{"line":17,"column":41},"end":{"line":17,"column":51}}],"line":17},"4":{"loc":{"start":{"line":32,"column":25},"end":{"line":32,"column":39}},"type":"default-arg","locations":[{"start":{"line":32,"column":35},"end":{"line":32,"column":39}}],"line":32},"5":{"loc":{"start":{"line":34,"column":4},"end":{"line":34,"column":51}},"type":"cond-expr","locations":[{"start":{"line":34,"column":23},"end":{"line":34,"column":38}},{"start":{"line":34,"column":41},"end":{"line":34,"column":51}}],"line":34},"6":{"loc":{"start":{"line":45,"column":24},"end":{"line":45,"column":38}},"type":"default-arg","locations":[{"start":{"line":45,"column":34},"end":{"line":45,"column":38}}],"line":45},"7":{"loc":{"start":{"line":47,"column":4},"end":{"line":47,"column":51}},"type":"cond-expr","locations":[{"start":{"line":47,"column":23},"end":{"line":47,"column":38}},{"start":{"line":47,"column":41},"end":{"line":47,"column":51}}],"line":47},"8":{"loc":{"start":{"line":58,"column":23},"end":{"line":58,"column":37}},"type":"default-arg","locations":[{"start":{"line":58,"column":33},"end":{"line":58,"column":37}}],"line":58},"9":{"loc":{"start":{"line":60,"column":4},"end":{"line":60,"column":51}},"type":"cond-expr","locations":[{"start":{"line":60,"column":23},"end":{"line":60,"column":38}},{"start":{"line":60,"column":41},"end":{"line":60,"column":51}}],"line":60},"10":{"loc":{"start":{"line":74,"column":30},"end":{"line":74,"column":44}},"type":"default-arg","locations":[{"start":{"line":74,"column":40},"end":{"line":74,"column":44}}],"line":74},"11":{"loc":{"start":{"line":76,"column":4},"end":{"line":76,"column":51}},"type":"cond-expr","locations":[{"start":{"line":76,"column":23},"end":{"line":76,"column":38}},{"start":{"line":76,"column":41},"end":{"line":76,"column":51}}],"line":76}},"s":{"0":1,"1":5,"2":5,"3":1,"4":0,"5":0,"6":1,"7":0,"8":0,"9":1,"10":0,"11":0,"12":1,"13":0,"14":0,"15":1,"16":0,"17":0,"18":1},"f":{"0":5,"1":0,"2":0,"3":0,"4":0,"5":0},"b":{"0":[5],"1":[5,0],"2":[0],"3":[0,0],"4":[0],"5":[0,0],"6":[0],"7":[0,0],"8":[0],"9":[0,0],"10":[0],"11":[0,0]},"_coverageSchema":"1a1c01bbd47fc00a2c39e90264f33305004495a9","hash":"403499b3c989962243289ea2189f381b54da03b0"}
,"/Users/josequemba/cse341-team10/helpers/validate.js": {"path":"/Users/josequemba/cse341-team10/helpers/validate.js","statementMap":{"0":{"start":{"line":1,"column":18},"end":{"line":1,"column":40}},"1":{"start":{"line":2,"column":18},"end":{"line":6,"column":1}},"2":{"start":{"line":3,"column":23},"end":{"line":3,"column":65}},"3":{"start":{"line":4,"column":4},"end":{"line":4,"column":50}},"4":{"start":{"line":4,"column":28},"end":{"line":4,"column":48}},"5":{"start":{"line":5,"column":4},"end":{"line":5,"column":63}},"6":{"start":{"line":5,"column":27},"end":{"line":5,"column":61}},"7":{"start":{"line":7,"column":0},"end":{"line":7,"column":27}}},"fnMap":{"0":{"name":"(anonymous_0)","decl":{"start":{"line":2,"column":18},"end":{"line":2,"column":19}},"loc":{"start":{"line":2,"column":61},"end":{"line":6,"column":1}},"line":2},"1":{"name":"(anonymous_1)","decl":{"start":{"line":4,"column":22},"end":{"line":4,"column":23}},"loc":{"start":{"line":4,"column":28},"end":{"line":4,"column":48}},"line":4},"2":{"name":"(anonymous_2)","decl":{"start":{"line":5,"column":21},"end":{"line":5,"column":22}},"loc":{"start":{"line":5,"column":27},"end":{"line":5,"column":61}},"line":5}},"branchMap":{},"s":{"0":1,"1":1,"2":0,"3":0,"4":0,"5":0,"6":0,"7":1},"f":{"0":0,"1":0,"2":0},"b":{},"_coverageSchema":"1a1c01bbd47fc00a2c39e90264f33305004495a9","hash":"c10c89e94c13385f7e6b64ae8f8253b4a4adbe84"}
,"/Users/josequemba/cse341-team10/middleware/authenticate.js": {"path":"/Users/josequemba/cse341-team10/middleware/authenticate.js","statementMap":{"0":{"start":{"line":1,"column":24},"end":{"line":8,"column":1}},"1":{"start":{"line":2,"column":4},"end":{"line":6,"column":5}},"2":{"start":{"line":3,"column":8},"end":{"line":5,"column":9}},"3":{"start":{"line":4,"column":12},"end":{"line":4,"column":67}},"4":{"start":{"line":7,"column":4},"end":{"line":7,"column":11}},"5":{"start":{"line":10,"column":0},"end":{"line":12,"column":1}}},"fnMap":{"0":{"name":"(anonymous_0)","decl":{"start":{"line":1,"column":24},"end":{"line":1,"column":25}},"loc":{"start":{"line":1,"column":44},"end":{"line":8,"column":1}},"line":1}},"branchMap":{"0":{"loc":{"start":{"line":2,"column":4},"end":{"line":6,"column":5}},"type":"if","locations":[{"start":{"line":2,"column":4},"end":{"line":6,"column":5}},{"start":{},"end":{}}],"line":2},"1":{"loc":{"start":{"line":3,"column":8},"end":{"line":5,"column":9}},"type":"if","locations":[{"start":{"line":3,"column":8},"end":{"line":5,"column":9}},{"start":{},"end":{}}],"line":3}},"s":{"0":1,"1":0,"2":0,"3":0,"4":0,"5":1},"f":{"0":0},"b":{"0":[0,0],"1":[0,0]},"_coverageSchema":"1a1c01bbd47fc00a2c39e90264f33305004495a9","hash":"1587e5cb4138203743073e5d48597badd462b561"}
,"/Users/josequemba/cse341-team10/middleware/validate.js": {"path":"/Users/josequemba/cse341-team10/middleware/validate.js","statementMap":{"0":{"start":{"line":1,"column":18},"end":{"line":1,"column":48}},"1":{"start":{"line":3,"column":22},"end":{"line":26,"column":1}},"2":{"start":{"line":4,"column":35},"end":{"line":12,"column":5}},"3":{"start":{"line":15,"column":4},"end":{"line":25,"column":7}},"4":{"start":{"line":16,"column":8},"end":{"line":24,"column":9}},"5":{"start":{"line":17,"column":12},"end":{"line":21,"column":15}},"6":{"start":{"line":23,"column":12},"end":{"line":23,"column":19}},"7":{"start":{"line":28,"column":23},"end":{"line":47,"column":1}},"8":{"start":{"line":30,"column":35},"end":{"line":34,"column":5}},"9":{"start":{"line":36,"column":4},"end":{"line":46,"column":7}},"10":{"start":{"line":37,"column":8},"end":{"line":45,"column":9}},"11":{"start":{"line":38,"column":12},"end":{"line":42,"column":15}},"12":{"start":{"line":44,"column":12},"end":{"line":44,"column":19}},"13":{"start":{"line":49,"column":24},"end":{"line":69,"column":1}},"14":{"start":{"line":51,"column":35},"end":{"line":56,"column":5}},"15":{"start":{"line":58,"column":4},"end":{"line":68,"column":7}},"16":{"start":{"line":59,"column":8},"end":{"line":67,"column":9}},"17":{"start":{"line":60,"column":12},"end":{"line":64,"column":15}},"18":{"start":{"line":66,"column":12},"end":{"line":66,"column":19}},"19":{"start":{"line":71,"column":22},"end":{"line":90,"column":1}},"20":{"start":{"line":73,"column":35},"end":{"line":77,"column":5}},"21":{"start":{"line":79,"column":4},"end":{"line":89,"column":7}},"22":{"start":{"line":80,"column":8},"end":{"line":88,"column":9}},"23":{"start":{"line":81,"column":12},"end":{"line":85,"column":15}},"24":{"start":{"line":87,"column":12},"end":{"line":87,"column":19}},"25":{"start":{"line":92,"column":21},"end":{"line":112,"column":1}},"26":{"start":{"line":94,"column":35},"end":{"line":99,"column":5}},"27":{"start":{"line":101,"column":4},"end":{"line":111,"column":7}},"28":{"start":{"line":102,"column":8},"end":{"line":110,"column":9}},"29":{"start":{"line":103,"column":12},"end":{"line":107,"column":15}},"30":{"start":{"line":109,"column":12},"end":{"line":109,"column":19}},"31":{"start":{"line":114,"column":0},"end":{"line":120,"column":2}}},"fnMap":{"0":{"name":"(anonymous_0)","decl":{"start":{"line":3,"column":22},"end":{"line":3,"column":23}},"loc":{"start":{"line":3,"column":42},"end":{"line":26,"column":1}},"line":3},"1":{"name":"(anonymous_1)","decl":{"start":{"line":15,"column":52},"end":{"line":15,"column":53}},"loc":{"start":{"line":15,"column":69},"end":{"line":25,"column":5}},"line":15},"2":{"name":"(anonymous_2)","decl":{"start":{"line":28,"column":23},"end":{"line":28,"column":24}},"loc":{"start":{"line":28,"column":43},"end":{"line":47,"column":1}},"line":28},"3":{"name":"(anonymous_3)","decl":{"start":{"line":36,"column":52},"end":{"line":36,"column":53}},"loc":{"start":{"line":36,"column":69},"end":{"line":46,"column":5}},"line":36},"4":{"name":"(anonymous_4)","decl":{"start":{"line":49,"column":24},"end":{"line":49,"column":25}},"loc":{"start":{"line":49,"column":44},"end":{"line":69,"column":1}},"line":49},"5":{"name":"(anonymous_5)","decl":{"start":{"line":58,"column":52},"end":{"line":58,"column":53}},"loc":{"start":{"line":58,"column":69},"end":{"line":68,"column":5}},"line":58},"6":{"name":"(anonymous_6)","decl":{"start":{"line":71,"column":22},"end":{"line":71,"column":23}},"loc":{"start":{"line":71,"column":42},"end":{"line":90,"column":1}},"line":71},"7":{"name":"(anonymous_7)","decl":{"start":{"line":79,"column":52},"end":{"line":79,"column":53}},"loc":{"start":{"line":79,"column":69},"end":{"line":89,"column":5}},"line":79},"8":{"name":"(anonymous_8)","decl":{"start":{"line":92,"column":21},"end":{"line":92,"column":22}},"loc":{"start":{"line":92,"column":41},"end":{"line":112,"column":1}},"line":92},"9":{"name":"(anonymous_9)","decl":{"start":{"line":101,"column":52},"end":{"line":101,"column":53}},"loc":{"start":{"line":101,"column":69},"end":{"line":111,"column":5}},"line":101}},"branchMap":{"0":{"loc":{"start":{"line":16,"column":8},"end":{"line":24,"column":9}},"type":"if","locations":[{"start":{"line":16,"column":8},"end":{"line":24,"column":9}},{"start":{"line":22,"column":15},"end":{"line":24,"column":9}}],"line":16},"1":{"loc":{"start":{"line":37,"column":8},"end":{"line":45,"column":9}},"type":"if","locations":[{"start":{"line":37,"column":8},"end":{"line":45,"column":9}},{"start":{"line":43,"column":15},"end":{"line":45,"column":9}}],"line":37},"2":{"loc":{"start":{"line":59,"column":8},"end":{"line":67,"column":9}},"type":"if","locations":[{"start":{"line":59,"column":8},"end":{"line":67,"column":9}},{"start":{"line":65,"column":15},"end":{"line":67,"column":9}}],"line":59},"3":{"loc":{"start":{"line":80,"column":8},"end":{"line":88,"column":9}},"type":"if","locations":[{"start":{"line":80,"column":8},"end":{"line":88,"column":9}},{"start":{"line":86,"column":15},"end":{"line":88,"column":9}}],"line":80},"4":{"loc":{"start":{"line":102,"column":8},"end":{"line":110,"column":9}},"type":"if","locations":[{"start":{"line":102,"column":8},"end":{"line":110,"column":9}},{"start":{"line":108,"column":15},"end":{"line":110,"column":9}}],"line":102}},"s":{"0":1,"1":1,"2":0,"3":0,"4":0,"5":0,"6":0,"7":1,"8":0,"9":0,"10":0,"11":0,"12":0,"13":1,"14":0,"15":0,"16":0,"17":0,"18":0,"19":1,"20":0,"21":0,"22":0,"23":0,"24":0,"25":1,"26":0,"27":0,"28":0,"29":0,"30":0,"31":1},"f":{"0":0,"1":0,"2":0,"3":0,"4":0,"5":0,"6":0,"7":0,"8":0,"9":0},"b":{"0":[0,0],"1":[0,0],"2":[0,0],"3":[0,0],"4":[0,0]},"_coverageSchema":"1a1c01bbd47fc00a2c39e90264f33305004495a9","hash":"3f47830c1fbb7960a46cc1293debd21fa4fceda0"}
,"/Users/josequemba/cse341-team10/routes/auth.js": {"path":"/Users/josequemba/cse341-team10/routes/auth.js","statementMap":{"0":{"start":{"line":1,"column":15},"end":{"line":1,"column":42}},"1":{"start":{"line":2,"column":17},"end":{"line":2,"column":36}},"2":{"start":{"line":4,"column":13},"end":{"line":4,"column":49}},"3":{"start":{"line":6,"column":0},"end":{"line":53,"column":1}},"4":{"start":{"line":9,"column":4},"end":{"line":16,"column":7}},"5":{"start":{"line":10,"column":8},"end":{"line":15,"column":9}},"6":{"start":{"line":11,"column":12},"end":{"line":11,"column":68}},"7":{"start":{"line":14,"column":12},"end":{"line":14,"column":34}},"8":{"start":{"line":23,"column":4},"end":{"line":32,"column":5}},"9":{"start":{"line":29,"column":16},"end":{"line":29,"column":44}},"10":{"start":{"line":30,"column":16},"end":{"line":30,"column":33}},"11":{"start":{"line":36,"column":4},"end":{"line":36,"column":76}},"12":{"start":{"line":40,"column":4},"end":{"line":47,"column":6}},"13":{"start":{"line":41,"column":8},"end":{"line":46,"column":10}},"14":{"start":{"line":42,"column":12},"end":{"line":44,"column":13}},"15":{"start":{"line":43,"column":16},"end":{"line":43,"column":32}},"16":{"start":{"line":45,"column":12},"end":{"line":45,"column":30}},"17":{"start":{"line":49,"column":4},"end":{"line":52,"column":7}},"18":{"start":{"line":51,"column":8},"end":{"line":51,"column":39}},"19":{"start":{"line":55,"column":0},"end":{"line":55,"column":24}}},"fnMap":{"0":{"name":"(anonymous_0)","decl":{"start":{"line":9,"column":20},"end":{"line":9,"column":21}},"loc":{"start":{"line":9,"column":34},"end":{"line":16,"column":5}},"line":9},"1":{"name":"(anonymous_1)","decl":{"start":{"line":28,"column":12},"end":{"line":28,"column":13}},"loc":{"start":{"line":28,"column":26},"end":{"line":31,"column":13}},"line":28},"2":{"name":"(anonymous_2)","decl":{"start":{"line":36,"column":57},"end":{"line":36,"column":58}},"loc":{"start":{"line":36,"column":71},"end":{"line":36,"column":73}},"line":36},"3":{"name":"(anonymous_3)","decl":{"start":{"line":40,"column":26},"end":{"line":40,"column":27}},"loc":{"start":{"line":40,"column":46},"end":{"line":47,"column":5}},"line":40},"4":{"name":"(anonymous_4)","decl":{"start":{"line":41,"column":19},"end":{"line":41,"column":20}},"loc":{"start":{"line":41,"column":28},"end":{"line":46,"column":9}},"line":41},"5":{"name":"(anonymous_5)","decl":{"start":{"line":49,"column":20},"end":{"line":49,"column":21}},"loc":{"start":{"line":49,"column":34},"end":{"line":52,"column":5}},"line":49}},"branchMap":{"0":{"loc":{"start":{"line":4,"column":13},"end":{"line":4,"column":49}},"type":"binary-expr","locations":[{"start":{"line":4,"column":13},"end":{"line":4,"column":33}},{"start":{"line":4,"column":37},"end":{"line":4,"column":49}}],"line":4},"1":{"loc":{"start":{"line":6,"column":0},"end":{"line":53,"column":1}},"type":"if","locations":[{"start":{"line":6,"column":0},"end":{"line":53,"column":1}},{"start":{"line":48,"column":7},"end":{"line":53,"column":1}}],"line":6},"2":{"loc":{"start":{"line":10,"column":8},"end":{"line":15,"column":9}},"type":"if","locations":[{"start":{"line":10,"column":8},"end":{"line":15,"column":9}},{"start":{"line":13,"column":15},"end":{"line":15,"column":9}}],"line":10},"3":{"loc":{"start":{"line":42,"column":12},"end":{"line":44,"column":13}},"type":"if","locations":[{"start":{"line":42,"column":12},"end":{"line":44,"column":13}},{"start":{},"end":{}}],"line":42}},"s":{"0":1,"1":1,"2":1,"3":1,"4":0,"5":0,"6":0,"7":0,"8":0,"9":0,"10":0,"11":0,"12":0,"13":0,"14":0,"15":0,"16":0,"17":1,"18":1,"19":1},"f":{"0":0,"1":0,"2":0,"3":0,"4":0,"5":1},"b":{"0":[1,0],"1":[0,1],"2":[0,0],"3":[0,0]},"_coverageSchema":"1a1c01bbd47fc00a2c39e90264f33305004495a9","hash":"2612d6fdd31149f2f4a132c79c943a054d5db3c3"}
,"/Users/josequemba/cse341-team10/routes/departments.js": {"path":"/Users/josequemba/cse341-team10/routes/departments.js","statementMap":{"0":{"start":{"line":1,"column":16},"end":{"line":1,"column":34}},"1":{"start":{"line":2,"column":15},"end":{"line":2,"column":31}},"2":{"start":{"line":3,"column":19},"end":{"line":3,"column":50}},"3":{"start":{"line":4,"column":19},"end":{"line":4,"column":52}},"4":{"start":{"line":5,"column":19},"end":{"line":5,"column":52}},"5":{"start":{"line":6,"column":23},"end":{"line":6,"column":42}},"6":{"start":{"line":7,"column":28},"end":{"line":7,"column":65}},"7":{"start":{"line":9,"column":0},"end":{"line":15,"column":1}},"8":{"start":{"line":13,"column":8},"end":{"line":13,"column":65}},"9":{"start":{"line":16,"column":0},"end":{"line":22,"column":1}},"10":{"start":{"line":20,"column":8},"end":{"line":20,"column":68}},"11":{"start":{"line":23,"column":0},"end":{"line":31,"column":1}},"12":{"start":{"line":29,"column":8},"end":{"line":29,"column":65}},"13":{"start":{"line":32,"column":0},"end":{"line":40,"column":1}},"14":{"start":{"line":38,"column":8},"end":{"line":38,"column":65}},"15":{"start":{"line":41,"column":0},"end":{"line":48,"column":1}},"16":{"start":{"line":46,"column":8},"end":{"line":46,"column":81}},"17":{"start":{"line":50,"column":0},"end":{"line":50,"column":24}}},"fnMap":{"0":{"name":"(anonymous_0)","decl":{"start":{"line":11,"column":4},"end":{"line":11,"column":5}},"loc":{"start":{"line":11,"column":18},"end":{"line":14,"column":5}},"line":11},"1":{"name":"(anonymous_1)","decl":{"start":{"line":18,"column":4},"end":{"line":18,"column":5}},"loc":{"start":{"line":18,"column":18},"end":{"line":21,"column":5}},"line":18},"2":{"name":"(anonymous_2)","decl":{"start":{"line":27,"column":4},"end":{"line":27,"column":5}},"loc":{"start":{"line":27,"column":18},"end":{"line":30,"column":5}},"line":27},"3":{"name":"(anonymous_3)","decl":{"start":{"line":36,"column":4},"end":{"line":36,"column":5}},"loc":{"start":{"line":36,"column":18},"end":{"line":39,"column":5}},"line":36},"4":{"name":"(anonymous_4)","decl":{"start":{"line":44,"column":4},"end":{"line":44,"column":5}},"loc":{"start":{"line":44,"column":18},"end":{"line":47,"column":5}},"line":44}},"branchMap":{},"s":{"0":1,"1":1,"2":1,"3":1,"4":1,"5":1,"6":1,"7":1,"8":0,"9":1,"10":0,"11":1,"12":0,"13":1,"14":0,"15":1,"16":0,"17":1},"f":{"0":0,"1":0,"2":0,"3":0,"4":0},"b":{},"_coverageSchema":"1a1c01bbd47fc00a2c39e90264f33305004495a9","hash":"2479577e2d1467f120fef4cd583cf72f657a611f"}
,"/Users/josequemba/cse341-team10/routes/employees.js": {"path":"/Users/josequemba/cse341-team10/routes/employees.js","statementMap":{"0":{"start":{"line":1,"column":16},"end":{"line":1,"column":34}},"1":{"start":{"line":2,"column":15},"end":{"line":2,"column":31}},"2":{"start":{"line":3,"column":19},"end":{"line":3,"column":50}},"3":{"start":{"line":4,"column":19},"end":{"line":4,"column":52}},"4":{"start":{"line":5,"column":19},"end":{"line":5,"column":52}},"5":{"start":{"line":6,"column":23},"end":{"line":6,"column":42}},"6":{"start":{"line":7,"column":28},"end":{"line":7,"column":65}},"7":{"start":{"line":9,"column":0},"end":{"line":15,"column":1}},"8":{"start":{"line":13,"column":8},"end":{"line":13,"column":63}},"9":{"start":{"line":16,"column":0},"end":{"line":22,"column":1}},"10":{"start":{"line":20,"column":8},"end":{"line":20,"column":66}},"11":{"start":{"line":23,"column":0},"end":{"line":31,"column":1}},"12":{"start":{"line":29,"column":8},"end":{"line":29,"column":63}},"13":{"start":{"line":32,"column":0},"end":{"line":40,"column":1}},"14":{"start":{"line":38,"column":8},"end":{"line":38,"column":63}},"15":{"start":{"line":41,"column":0},"end":{"line":48,"column":1}},"16":{"start":{"line":46,"column":8},"end":{"line":46,"column":79}},"17":{"start":{"line":50,"column":0},"end":{"line":50,"column":24}}},"fnMap":{"0":{"name":"(anonymous_0)","decl":{"start":{"line":11,"column":4},"end":{"line":11,"column":5}},"loc":{"start":{"line":11,"column":18},"end":{"line":14,"column":5}},"line":11},"1":{"name":"(anonymous_1)","decl":{"start":{"line":18,"column":4},"end":{"line":18,"column":5}},"loc":{"start":{"line":18,"column":18},"end":{"line":21,"column":5}},"line":18},"2":{"name":"(anonymous_2)","decl":{"start":{"line":27,"column":4},"end":{"line":27,"column":5}},"loc":{"start":{"line":27,"column":18},"end":{"line":30,"column":5}},"line":27},"3":{"name":"(anonymous_3)","decl":{"start":{"line":36,"column":4},"end":{"line":36,"column":5}},"loc":{"start":{"line":36,"column":18},"end":{"line":39,"column":5}},"line":36},"4":{"name":"(anonymous_4)","decl":{"start":{"line":44,"column":4},"end":{"line":44,"column":5}},"loc":{"start":{"line":44,"column":18},"end":{"line":47,"column":5}},"line":44}},"branchMap":{},"s":{"0":1,"1":1,"2":1,"3":1,"4":1,"5":1,"6":1,"7":1,"8":0,"9":1,"10":0,"11":1,"12":0,"13":1,"14":0,"15":1,"16":0,"17":1},"f":{"0":0,"1":0,"2":0,"3":0,"4":0},"b":{},"_coverageSchema":"1a1c01bbd47fc00a2c39e90264f33305004495a9","hash":"eb06edbc2eb9c14235ab10df4aeb3cc235df16c2"}
,"/Users/josequemba/cse341-team10/routes/facilities.js": {"path":"/Users/josequemba/cse341-team10/routes/facilities.js","statementMap":{"0":{"start":{"line":1,"column":16},"end":{"line":1,"column":34}},"1":{"start":{"line":2,"column":15},"end":{"line":2,"column":31}},"2":{"start":{"line":3,"column":19},"end":{"line":3,"column":50}},"3":{"start":{"line":4,"column":19},"end":{"line":4,"column":52}},"4":{"start":{"line":5,"column":19},"end":{"line":5,"column":52}},"5":{"start":{"line":6,"column":23},"end":{"line":6,"column":42}},"6":{"start":{"line":7,"column":28},"end":{"line":7,"column":65}},"7":{"start":{"line":9,"column":0},"end":{"line":15,"column":1}},"8":{"start":{"line":13,"column":8},"end":{"line":13,"column":64}},"9":{"start":{"line":16,"column":0},"end":{"line":21,"column":1}},"10":{"start":{"line":22,"column":0},"end":{"line":30,"column":1}},"11":{"start":{"line":28,"column":8},"end":{"line":28,"column":64}},"12":{"start":{"line":31,"column":0},"end":{"line":39,"column":1}},"13":{"start":{"line":37,"column":8},"end":{"line":37,"column":64}},"14":{"start":{"line":40,"column":0},"end":{"line":47,"column":1}},"15":{"start":{"line":45,"column":8},"end":{"line":45,"column":80}},"16":{"start":{"line":49,"column":0},"end":{"line":49,"column":24}}},"fnMap":{"0":{"name":"(anonymous_0)","decl":{"start":{"line":11,"column":4},"end":{"line":11,"column":5}},"loc":{"start":{"line":11,"column":18},"end":{"line":14,"column":5}},"line":11},"1":{"name":"(anonymous_1)","decl":{"start":{"line":18,"column":4},"end":{"line":18,"column":5}},"loc":{"start":{"line":18,"column":18},"end":{"line":20,"column":5}},"line":18},"2":{"name":"(anonymous_2)","decl":{"start":{"line":26,"column":4},"end":{"line":26,"column":5}},"loc":{"start":{"line":26,"column":18},"end":{"line":29,"column":5}},"line":26},"3":{"name":"(anonymous_3)","decl":{"start":{"line":35,"column":4},"end":{"line":35,"column":5}},"loc":{"start":{"line":35,"column":18},"end":{"line":38,"column":5}},"line":35},"4":{"name":"(anonymous_4)","decl":{"start":{"line":43,"column":4},"end":{"line":43,"column":5}},"loc":{"start":{"line":43,"column":18},"end":{"line":46,"column":5}},"line":43}},"branchMap":{},"s":{"0":1,"1":1,"2":1,"3":1,"4":1,"5":1,"6":1,"7":1,"8":0,"9":1,"10":1,"11":0,"12":1,"13":0,"14":1,"15":0,"16":1},"f":{"0":0,"1":0,"2":0,"3":0,"4":0},"b":{},"_coverageSchema":"1a1c01bbd47fc00a2c39e90264f33305004495a9","hash":"78aa9444c6172c0c981ac11b52e0e883aa1c7875"}
,"/Users/josequemba/cse341-team10/routes/index.js": {"path":"/Users/josequemba/cse341-team10/routes/index.js","statementMap":{"0":{"start":{"line":1,"column":15},"end":{"line":1,"column":42}},"1":{"start":{"line":3,"column":0},"end":{"line":3,"column":38}},"2":{"start":{"line":5,"column":0},"end":{"line":5,"column":35}},"3":{"start":{"line":7,"column":0},"end":{"line":7,"column":53}},"4":{"start":{"line":8,"column":0},"end":{"line":8,"column":49}},"5":{"start":{"line":9,"column":0},"end":{"line":9,"column":51}},"6":{"start":{"line":10,"column":0},"end":{"line":10,"column":49}},"7":{"start":{"line":11,"column":0},"end":{"line":11,"column":47}},"8":{"start":{"line":13,"column":0},"end":{"line":13,"column":24}}},"fnMap":{},"branchMap":{},"s":{"0":1,"1":1,"2":1,"3":1,"4":1,"5":1,"6":1,"7":1,"8":1},"f":{},"b":{},"_coverageSchema":"1a1c01bbd47fc00a2c39e90264f33305004495a9","hash":"ba5f64ebbd1cbe7ffa643888d273981e3343e0cb"}
,"/Users/josequemba/cse341-team10/routes/locations.js": {"path":"/Users/josequemba/cse341-team10/routes/locations.js","statementMap":{"0":{"start":{"line":1,"column":16},"end":{"line":1,"column":34}},"1":{"start":{"line":2,"column":15},"end":{"line":2,"column":31}},"2":{"start":{"line":3,"column":19},"end":{"line":3,"column":50}},"3":{"start":{"line":4,"column":19},"end":{"line":4,"column":52}},"4":{"start":{"line":5,"column":19},"end":{"line":5,"column":52}},"5":{"start":{"line":6,"column":23},"end":{"line":6,"column":42}},"6":{"start":{"line":7,"column":28},"end":{"line":7,"column":65}},"7":{"start":{"line":9,"column":0},"end":{"line":15,"column":1}},"8":{"start":{"line":13,"column":8},"end":{"line":13,"column":63}},"9":{"start":{"line":16,"column":0},"end":{"line":22,"column":1}},"10":{"start":{"line":20,"column":8},"end":{"line":20,"column":66}},"11":{"start":{"line":23,"column":0},"end":{"line":31,"column":1}},"12":{"start":{"line":29,"column":8},"end":{"line":29,"column":63}},"13":{"start":{"line":32,"column":0},"end":{"line":40,"column":1}},"14":{"start":{"line":38,"column":8},"end":{"line":38,"column":63}},"15":{"start":{"line":41,"column":0},"end":{"line":48,"column":1}},"16":{"start":{"line":46,"column":8},"end":{"line":46,"column":79}},"17":{"start":{"line":50,"column":0},"end":{"line":50,"column":24}}},"fnMap":{"0":{"name":"(anonymous_0)","decl":{"start":{"line":11,"column":4},"end":{"line":11,"column":5}},"loc":{"start":{"line":11,"column":18},"end":{"line":14,"column":5}},"line":11},"1":{"name":"(anonymous_1)","decl":{"start":{"line":18,"column":4},"end":{"line":18,"column":5}},"loc":{"start":{"line":18,"column":18},"end":{"line":21,"column":5}},"line":18},"2":{"name":"(anonymous_2)","decl":{"start":{"line":27,"column":4},"end":{"line":27,"column":5}},"loc":{"start":{"line":27,"column":18},"end":{"line":30,"column":5}},"line":27},"3":{"name":"(anonymous_3)","decl":{"start":{"line":36,"column":4},"end":{"line":36,"column":5}},"loc":{"start":{"line":36,"column":18},"end":{"line":39,"column":5}},"line":36},"4":{"name":"(anonymous_4)","decl":{"start":{"line":44,"column":4},"end":{"line":44,"column":5}},"loc":{"start":{"line":44,"column":18},"end":{"line":47,"column":5}},"line":44}},"branchMap":{},"s":{"0":1,"1":1,"2":1,"3":1,"4":1,"5":1,"6":1,"7":1,"8":0,"9":1,"10":0,"11":1,"12":0,"13":1,"14":0,"15":1,"16":0,"17":1},"f":{"0":0,"1":0,"2":0,"3":0,"4":0},"b":{},"_coverageSchema":"1a1c01bbd47fc00a2c39e90264f33305004495a9","hash":"9b611ffde753d7271e3dcfac55dc78b201d6e26d"}
,"/Users/josequemba/cse341-team10/routes/managers.js": {"path":"/Users/josequemba/cse341-team10/routes/managers.js","statementMap":{"0":{"start":{"line":1,"column":16},"end":{"line":1,"column":34}},"1":{"start":{"line":2,"column":15},"end":{"line":2,"column":31}},"2":{"start":{"line":3,"column":19},"end":{"line":3,"column":50}},"3":{"start":{"line":4,"column":19},"end":{"line":4,"column":52}},"4":{"start":{"line":5,"column":19},"end":{"line":5,"column":52}},"5":{"start":{"line":6,"column":23},"end":{"line":6,"column":42}},"6":{"start":{"line":7,"column":28},"end":{"line":7,"column":65}},"7":{"start":{"line":9,"column":0},"end":{"line":15,"column":1}},"8":{"start":{"line":13,"column":8},"end":{"line":13,"column":62}},"9":{"start":{"line":16,"column":0},"end":{"line":22,"column":1}},"10":{"start":{"line":20,"column":8},"end":{"line":20,"column":65}},"11":{"start":{"line":23,"column":0},"end":{"line":31,"column":1}},"12":{"start":{"line":29,"column":8},"end":{"line":29,"column":62}},"13":{"start":{"line":32,"column":0},"end":{"line":40,"column":1}},"14":{"start":{"line":38,"column":8},"end":{"line":38,"column":62}},"15":{"start":{"line":41,"column":0},"end":{"line":48,"column":1}},"16":{"start":{"line":46,"column":8},"end":{"line":46,"column":78}},"17":{"start":{"line":50,"column":0},"end":{"line":50,"column":24}}},"fnMap":{"0":{"name":"(anonymous_0)","decl":{"start":{"line":11,"column":4},"end":{"line":11,"column":5}},"loc":{"start":{"line":11,"column":18},"end":{"line":14,"column":5}},"line":11},"1":{"name":"(anonymous_1)","decl":{"start":{"line":18,"column":4},"end":{"line":18,"column":5}},"loc":{"start":{"line":18,"column":18},"end":{"line":21,"column":5}},"line":18},"2":{"name":"(anonymous_2)","decl":{"start":{"line":27,"column":4},"end":{"line":27,"column":5}},"loc":{"start":{"line":27,"column":18},"end":{"line":30,"column":5}},"line":27},"3":{"name":"(anonymous_3)","decl":{"start":{"line":36,"column":4},"end":{"line":36,"column":5}},"loc":{"start":{"line":36,"column":18},"end":{"line":39,"column":5}},"line":36},"4":{"name":"(anonymous_4)","decl":{"start":{"line":44,"column":4},"end":{"line":44,"column":5}},"loc":{"start":{"line":44,"column":18},"end":{"line":47,"column":5}},"line":44}},"branchMap":{},"s":{"0":1,"1":1,"2":1,"3":1,"4":1,"5":1,"6":1,"7":1,"8":0,"9":1,"10":0,"11":1,"12":0,"13":1,"14":0,"15":1,"16":0,"17":1},"f":{"0":0,"1":0,"2":0,"3":0,"4":0},"b":{},"_coverageSchema":"1a1c01bbd47fc00a2c39e90264f33305004495a9","hash":"ae7e7a39bb9231033a707df16594d3d5ed796ce9"}
,"/Users/josequemba/cse341-team10/routes/swagger.js": {"path":"/Users/josequemba/cse341-team10/routes/swagger.js","statementMap":{"0":{"start":{"line":1,"column":15},"end":{"line":1,"column":42}},"1":{"start":{"line":2,"column":18},"end":{"line":2,"column":47}},"2":{"start":{"line":3,"column":24},"end":{"line":3,"column":50}},"3":{"start":{"line":5,"column":0},"end":{"line":5,"column":41}},"4":{"start":{"line":6,"column":0},"end":{"line":6,"column":58}},"5":{"start":{"line":8,"column":0},"end":{"line":8,"column":24}}},"fnMap":{},"branchMap":{},"s":{"0":1,"1":1,"2":1,"3":1,"4":1,"5":1},"f":{},"b":{},"_coverageSchema":"1a1c01bbd47fc00a2c39e90264f33305004495a9","hash":"c001508931783794bc114afcfadc4409f0ba1c62"}
}
